#-----------------------------------------------------------
# Vivado v2019.2 (64-bit)
# SW Build 2708876 on Wed Nov  6 21:40:23 MST 2019
# IP Build 2700528 on Thu Nov  7 00:09:20 MST 2019
# Start of session at: Sat Feb 22 21:57:31 2025
# Process ID: 4260
# Current directory: C:/Users/dolub/Desktop/fpga/Proje_dosyalari/project_14
# Command line: vivado.exe -gui_launcher_event rodinguilauncherevent29128 C:\Users\dolub\Desktop\fpga\Proje_dosyalari\project_14\project_14.xpr
# Log file: C:/Users/dolub/Desktop/fpga/Proje_dosyalari/project_14/vivado.log
# Journal file: C:/Users/dolub/Desktop/fpga/Proje_dosyalari/project_14\vivado.jou
#-----------------------------------------------------------
start_gui
open_project C:/Users/dolub/Desktop/fpga/Proje_dosyalari/project_14/project_14.xpr
Scanning sources...
Finished scanning sources
INFO: [IP_Flow 19-234] Refreshing IP repositories
INFO: [IP_Flow 19-1704] No user IP repositories specified
INFO: [IP_Flow 19-2313] Loaded Vivado IP repository 'C:/Xilinx/Vivado/2019.2/data/ip'.
open_project: Time (s): cpu = 00:00:12 ; elapsed = 00:00:07 . Memory (MB): peak = 930.883 ; gain = 210.770
update_compile_order -fileset sources_1
exit
INFO: [Common 17-206] Exiting Vivado at Sat Feb 22 21:59:30 2025...
